<?xml version="1.0" encoding="UTF-8"?>
<testng-results skipped="0" failed="0" total="1" passed="1">
  <reporter-output>
  </reporter-output>
  <suite name="Default suite" duration-ms="77000" started-at="2019-08-27T04:09:11Z" finished-at="2019-08-27T04:10:28Z">
    <groups>
    </groups>
    <test name="Default test" duration-ms="77000" started-at="2019-08-27T04:09:11Z" finished-at="2019-08-27T04:10:28Z">
      <class name="com.astro.webautomation.com.astro.webautomation.ecommerceTest">
        <test-method status="PASS" signature="setup()[pri:0, instance:com.astro.webautomation.com.astro.webautomation.ecommerceTest@42e26948]" name="setup" is-config="true" duration-ms="3368" started-at="2019-08-27T12:09:11Z" finished-at="2019-08-27T12:09:15Z">
          <reporter-output>
          </reporter-output>
        </test-method> <!-- setup -->
        <test-method status="PASS" signature="launchbrowser()[pri:0, instance:com.astro.webautomation.com.astro.webautomation.ecommerceTest@42e26948]" name="launchbrowser" duration-ms="73305" started-at="2019-08-27T12:09:15Z" finished-at="2019-08-27T12:10:28Z">
          <reporter-output>
          </reporter-output>
        </test-method> <!-- launchbrowser -->
        <test-method status="PASS" signature="tearDown()[pri:0, instance:com.astro.webautomation.com.astro.webautomation.ecommerceTest@42e26948]" name="tearDown" is-config="true" duration-ms="311" started-at="2019-08-27T12:10:28Z" finished-at="2019-08-27T12:10:28Z">
          <reporter-output>
          </reporter-output>
        </test-method> <!-- tearDown -->
      </class> <!-- com.astro.webautomation.com.astro.webautomation.ecommerceTest -->
    </test> <!-- Default test -->
  </suite> <!-- Default suite -->
</testng-results>
